#
# There is insufficient memory for the Java Runtime Environment to continue.
# Native memory allocation (mmap) failed to map 266338304 bytes for G1 virtual space
# Possible reasons:
#   The system is out of physical RAM or swap space
#   The process is running with CompressedOops enabled, and the Java Heap may be blocking the growth of the native heap
# Possible solutions:
#   Reduce memory load on the system
#   Increase physical memory or swap space
#   Check if swap backing store is full
#   Decrease Java heap size (-Xmx/-Xms)
#   Decrease number of Java threads
#   Decrease Java thread stack sizes (-Xss)
#   Set larger code cache with -XX:ReservedCodeCacheSize=
#   JVM is running with Zero Based Compressed Oops mode in which the Java heap is
#     placed in the first 32GB address space. The Java Heap base address is the
#     maximum limit for the native heap growth. Please use -XX:HeapBaseMinAddress
#     to set the Java Heap base and to place the Java Heap above 32GB virtual address.
# This output file may be truncated or incomplete.
#
#  Out of Memory Error (os_windows.cpp:3469), pid=43324, tid=19020
#
# JRE version:  (17.0+35) (build )
# Java VM: OpenJDK 64-Bit Server VM (17+35, mixed mode, sharing, tiered, compressed oops, compressed class ptrs, g1 gc, windows-amd64)
# No core dump will be written. Minidumps are not enabled by default on client versions of Windows
#

---------------  S U M M A R Y ------------

Command Line: -Dfile.encoding=Cp1252 -XX:+ShowCodeDetailsInExceptionMessages e1.Main

Host: Intel(R) Core(TM) i7-10750H CPU @ 2.60GHz, 12 cores, 15G,  Windows 10 , 64 bit Build 22621 (10.0.22621.3235)
Time: Tue Apr  9 19:35:34 2024 Mitteleuropäische Sommerzeit elapsed time: 0.039052 seconds (0d 0h 0m 0s)

---------------  T H R E A D  ---------------

Current thread (0x0000025e130d8530):  JavaThread "Unknown thread" [_thread_in_vm, id=19020, stack(0x000000cf4ae00000,0x000000cf4af00000)]

Stack: [0x000000cf4ae00000,0x000000cf4af00000]
Native frames: (J=compiled Java code, j=interpreted, Vv=VM code, C=native code)
V  [jvm.dll+0x674afa]
V  [jvm.dll+0x82eb44]
V  [jvm.dll+0x8302ee]
V  [jvm.dll+0x830953]
V  [jvm.dll+0x245335]
V  [jvm.dll+0x671ae9]
V  [jvm.dll+0x6665b2]
V  [jvm.dll+0x303e3b]
V  [jvm.dll+0x30b376]
V  [jvm.dll+0x35b30e]
V  [jvm.dll+0x35b53f]
V  [jvm.dll+0x2dad78]
V  [jvm.dll+0x2dbce4]
V  [jvm.dll+0x8006a1]
V  [jvm.dll+0x369081]
V  [jvm.dll+0x7dfb6c]
V  [jvm.dll+0x3eb9bf]
V  [jvm.dll+0x3ed6f1]
C  [jli.dll+0x5277]
C  [ucrtbase.dll+0x29363]
C  [KERNEL32.DLL+0x1257d]
C  [ntdll.dll+0x5aa58]


---------------  P R O C E S S  ---------------

Threads class SMR info:
_java_thread_list=0x00007ff8761d4e58, length=0, elements={
}

Java Threads: ( => current thread )

Other Threads:
  0x0000025e13129f30 GCTaskThread "GC Thread#0" [stack: 0x000000cf4af00000,0x000000cf4b000000] [id=50856]
  0x0000025e1313c430 ConcurrentGCThread "G1 Main Marker" [stack: 0x000000cf4b000000,0x000000cf4b100000] [id=45516]
  0x0000025e1313ce40 ConcurrentGCThread "G1 Conc#0" [stack: 0x000000cf4b100000,0x000000cf4b200000] [id=48340]

[error occurred during error reporting (printing all threads), id 0xc0000005, EXCEPTION_ACCESS_VIOLATION (0xc0000005) at pc=0x00007ff8759ab7f7]

VM state: not at safepoint (not fully initialized)

VM Mutex/Monitor currently owned by a thread:  ([mutex/lock_event])
[0x0000025e130d2c10] Heap_lock - owner thread: 0x0000025e130d8530

Heap address: 0x0000000702c00000, size: 4052 MB, Compressed Oops mode: Zero based, Oop shift amount: 3

CDS archive(s) mapped at: [0x0000000000000000-0x0000000000000000-0x0000000000000000), size 0, SharedBaseAddress: 0x0000000800000000, ArchiveRelocationMode: 0.
Narrow klass base: 0x0000000000000000, Narrow klass shift: 0, Narrow klass range: 0x0

GC Precious Log:
<Empty>

Heap:
 garbage-first heap   total 0K, used 0K [0x0000000702c00000, 0x0000000800000000)
  region size 2048K, 0 young (0K), 0 survivors (0K)

[error occurred during error reporting (printing heap information), id 0xc0000005, EXCEPTION_ACCESS_VIOLATION (0xc0000005) at pc=0x00007ff875d8dfc9]

GC Heap History (0 events):
No events

Deoptimization events (0 events):
No events

Classes unloaded (0 events):
No events

Classes redefined (0 events):
No events

Internal exceptions (0 events):
No events

VM Operations (0 events):
No events

Events (1 events):
Event: 0.020 Loaded shared library C:\Users\imper\.p2\pool\plugins\org.eclipse.justj.openjdk.hotspot.jre.full.win32.x86_64_17.0.0.v20211012-1059\jre\bin\java.dll


Dynamic libraries:
0x00007ff757210000 - 0x00007ff75721e000 	C:\Users\imper\.p2\pool\plugins\org.eclipse.justj.openjdk.hotspot.jre.full.win32.x86_64_17.0.0.v20211012-1059\jre\bin\javaw.exe
0x00007ff91eed0000 - 0x00007ff91f0e6000 	C:\WINDOWS\SYSTEM32\ntdll.dll
0x00007ff8d9850000 - 0x00007ff8d9869000 	C:\Program Files\AVG\Antivirus\aswhook.dll
0x00007ff91d540000 - 0x00007ff91d604000 	C:\WINDOWS\System32\KERNEL32.DLL
0x00007ff91c330000 - 0x00007ff91c6d6000 	C:\WINDOWS\System32\KERNELBASE.dll
0x00007ff91c800000 - 0x00007ff91c911000 	C:\WINDOWS\System32\ucrtbase.dll
0x00007ff8fe080000 - 0x00007ff8fe098000 	C:\Users\imper\.p2\pool\plugins\org.eclipse.justj.openjdk.hotspot.jre.full.win32.x86_64_17.0.0.v20211012-1059\jre\bin\jli.dll
0x00007ff8fe060000 - 0x00007ff8fe079000 	C:\Users\imper\.p2\pool\plugins\org.eclipse.justj.openjdk.hotspot.jre.full.win32.x86_64_17.0.0.v20211012-1059\jre\bin\VCRUNTIME140.dll
0x00007ff91d000000 - 0x00007ff91d1ad000 	C:\WINDOWS\System32\USER32.dll
0x00007ff91cb50000 - 0x00007ff91cb76000 	C:\WINDOWS\System32\win32u.dll
0x00007ff91e490000 - 0x00007ff91e4b9000 	C:\WINDOWS\System32\GDI32.dll
0x00007ff907200000 - 0x00007ff907493000 	C:\WINDOWS\WinSxS\amd64_microsoft.windows.common-controls_6595b64144ccf1df_6.0.22621.3235_none_270f74e173860f98\COMCTL32.dll
0x00007ff91c210000 - 0x00007ff91c328000 	C:\WINDOWS\System32\gdi32full.dll
0x00007ff91e660000 - 0x00007ff91e707000 	C:\WINDOWS\System32\msvcrt.dll
0x00007ff91cb80000 - 0x00007ff91cc1a000 	C:\WINDOWS\System32\msvcp_win.dll
0x00007ff91dbe0000 - 0x00007ff91dc11000 	C:\WINDOWS\System32\IMM32.DLL
0x00007ff907130000 - 0x00007ff90713c000 	C:\Users\imper\.p2\pool\plugins\org.eclipse.justj.openjdk.hotspot.jre.full.win32.x86_64_17.0.0.v20211012-1059\jre\bin\vcruntime140_1.dll
0x00007ff8e5b20000 - 0x00007ff8e5bb1000 	C:\Users\imper\.p2\pool\plugins\org.eclipse.justj.openjdk.hotspot.jre.full.win32.x86_64_17.0.0.v20211012-1059\jre\bin\msvcp140.dll
0x00007ff8756c0000 - 0x00007ff876306000 	C:\Users\imper\.p2\pool\plugins\org.eclipse.justj.openjdk.hotspot.jre.full.win32.x86_64_17.0.0.v20211012-1059\jre\bin\server\jvm.dll
0x00007ff91d610000 - 0x00007ff91d6c2000 	C:\WINDOWS\System32\ADVAPI32.dll
0x00007ff91ce10000 - 0x00007ff91ceb8000 	C:\WINDOWS\System32\sechost.dll
0x00007ff91c750000 - 0x00007ff91c778000 	C:\WINDOWS\System32\bcrypt.dll
0x00007ff91d6d0000 - 0x00007ff91d7e5000 	C:\WINDOWS\System32\RPCRT4.dll
0x00007ff91edc0000 - 0x00007ff91edc8000 	C:\WINDOWS\System32\PSAPI.DLL
0x00007ff915710000 - 0x00007ff915744000 	C:\WINDOWS\SYSTEM32\WINMM.dll
0x00007ff907c50000 - 0x00007ff907c59000 	C:\WINDOWS\SYSTEM32\WSOCK32.dll
0x00007ff914380000 - 0x00007ff91438a000 	C:\WINDOWS\SYSTEM32\VERSION.dll
0x00007ff91d9a0000 - 0x00007ff91da11000 	C:\WINDOWS\System32\WS2_32.dll
0x00007ff91b340000 - 0x00007ff91b358000 	C:\WINDOWS\SYSTEM32\kernel.appcore.dll
0x00007ff917ff0000 - 0x00007ff917ffa000 	C:\Users\imper\.p2\pool\plugins\org.eclipse.justj.openjdk.hotspot.jre.full.win32.x86_64_17.0.0.v20211012-1059\jre\bin\jimage.dll
0x00007ff912e20000 - 0x00007ff913053000 	C:\WINDOWS\SYSTEM32\DBGHELP.DLL
0x00007ff91d1b0000 - 0x00007ff91d538000 	C:\WINDOWS\System32\combase.dll
0x00007ff91cf20000 - 0x00007ff91cff7000 	C:\WINDOWS\System32\OLEAUT32.dll
0x00007ff912de0000 - 0x00007ff912e12000 	C:\WINDOWS\SYSTEM32\dbgcore.DLL
0x00007ff91c780000 - 0x00007ff91c7fa000 	C:\WINDOWS\System32\bcryptPrimitives.dll
0x00007ff8fd820000 - 0x00007ff8fd845000 	C:\Users\imper\.p2\pool\plugins\org.eclipse.justj.openjdk.hotspot.jre.full.win32.x86_64_17.0.0.v20211012-1059\jre\bin\java.dll

dbghelp: loaded successfully - version: 4.0.5 - missing functions: none
symbol engine: initialized successfully - sym options: 0x614 - pdb path: .;C:\Users\imper\.p2\pool\plugins\org.eclipse.justj.openjdk.hotspot.jre.full.win32.x86_64_17.0.0.v20211012-1059\jre\bin;C:\WINDOWS\SYSTEM32;C:\Program Files\AVG\Antivirus;C:\WINDOWS\WinSxS\amd64_microsoft.windows.common-controls_6595b64144ccf1df_6.0.22621.3235_none_270f74e173860f98;C:\Users\imper\.p2\pool\plugins\org.eclipse.justj.openjdk.hotspot.jre.full.win32.x86_64_17.0.0.v20211012-1059\jre\bin\server

VM Arguments:
jvm_args: -Dfile.encoding=Cp1252 -XX:+ShowCodeDetailsInExceptionMessages 
java_command: e1.Main
java_class_path (initial): C:\Users\imper\eclipse-workspace\TakNeu\bin;C:\Users\imper\acm.jar
Launcher Type: SUN_STANDARD

[Global flags]
     intx CICompilerCount                          = 4                                         {product} {ergonomic}
     uint ConcGCThreads                            = 3                                         {product} {ergonomic}
     uint G1ConcRefinementThreads                  = 10                                        {product} {ergonomic}
   size_t G1HeapRegionSize                         = 2097152                                   {product} {ergonomic}
    uintx GCDrainStackTargetSize                   = 64                                        {product} {ergonomic}
   size_t InitialHeapSize                          = 266338304                                 {product} {ergonomic}
   size_t MarkStackSize                            = 4194304                                   {product} {ergonomic}
   size_t MaxHeapSize                              = 4248829952                                {product} {ergonomic}
   size_t MinHeapDeltaBytes                        = 2097152                                   {product} {ergonomic}
   size_t MinHeapSize                              = 8388608                                   {product} {ergonomic}
    uintx NonNMethodCodeHeapSize                   = 5839372                                {pd product} {ergonomic}
    uintx NonProfiledCodeHeapSize                  = 122909434                              {pd product} {ergonomic}
    uintx ProfiledCodeHeapSize                     = 122909434                              {pd product} {ergonomic}
    uintx ReservedCodeCacheSize                    = 251658240                              {pd product} {ergonomic}
     bool SegmentedCodeCache                       = true                                      {product} {ergonomic}
     bool ShowCodeDetailsInExceptionMessages       = true                                   {manageable} {command line}
   size_t SoftMaxHeapSize                          = 4248829952                             {manageable} {ergonomic}
     bool UseCompressedClassPointers               = true                           {product lp64_product} {ergonomic}
     bool UseCompressedOops                        = true                           {product lp64_product} {ergonomic}
     bool UseG1GC                                  = true                                      {product} {ergonomic}
     bool UseLargePagesIndividualAllocation        = false                                  {pd product} {ergonomic}

Logging:
Log output configuration:
 #0: stdout all=warning uptime,level,tags
 #1: stderr all=off uptime,level,tags

Environment Variables:
JAVA_HOME=C:\Program Files\Eclipse Foundation\jdk-16.0.2.7-hotspot\
PATH=C:/Users/imper/.p2/pool/plugins/org.eclipse.justj.openjdk.hotspot.jre.full.win32.x86_64_17.0.0.v20211012-1059/jre/bin/server;C:/Users/imper/.p2/pool/plugins/org.eclipse.justj.openjdk.hotspot.jre.full.win32.x86_64_17.0.0.v20211012-1059/jre/bin;C:\Program Files\Python38\Scripts\;C:\Program Files\Python38\;C:\Python310\Scripts\;C:\Python310\;C:\Program Files\Eclipse Foundation\jdk-16.0.2.7-hotspot\bin;C:\Windows\system32;C:\Windows;C:\Windows\System32\Wbem;C:\Windows\System32\WindowsPowerShell\v1.0\;C:\Windows\System32\OpenSSH\;C:\Program Files (x86)\NVIDIA Corporation\PhysX\Common;C:\Program Files\NVIDIA Corporation\NVIDIA NvDLISR;C:\ProgramData\chocolatey\bin;C:\Users\imper\AppData\Local\Programs\nodejs\;C:\WINDOWS\system32;C:\WINDOWS;C:\WINDOWS\System32\Wbem;C:\WINDOWS\System32\WindowsPowerShell\v1.0\;C:\WINDOWS\System32\OpenSSH\;C:\Program Files\Git\cmd;C:\Program Files\Go\bin;C:\Users\imper\AppData\Local\Programs\Python\Python312\Scripts\;C:\Users\imper\AppData\Local\Programs\Python\Python312\;C:\Users\imper\.cargo\bin;C:\Program Files\MySQL\MySQL Shell 8.0\bin\;C:\Users\imper\AppData\Local\Microsoft\WindowsApps;;C:\Users\imper\AppData\Local\Programs\Microsoft VS Code\bin;C:\Users\imper\AppData\Roaming\npm;C:\Users\imper\go\bin;C:\Program Files\JetBrains\PyCharm Edu 2022.2.2\bin;;C:\Users\imper\OneDrive\Desktop;
USERNAME=imper
OS=Windows_NT
PROCESSOR_IDENTIFIER=Intel64 Family 6 Model 165 Stepping 2, GenuineIntel



---------------  S Y S T E M  ---------------

OS:
 Windows 10 , 64 bit Build 22621 (10.0.22621.3235)
OS uptime: 9 days 10:30 hours

CPU: total 12 (initial active 12) (6 cores per cpu, 2 threads per core) family 6 model 165 stepping 2 microcode 0xe0, cx8, cmov, fxsr, ht, mmx, 3dnowpref, sse, sse2, sse3, ssse3, sse4.1, sse4.2, popcnt, lzcnt, tsc, tscinvbit, avx, avx2, aes, erms, clmul, bmi1, bmi2, adx, fma, vzeroupper, clflush, clflushopt

Memory: 4k page, system-wide physical 16207M (271M free)
TotalPageFile size 65359M (AvailPageFile size 47M)
current process WorkingSet (physical memory assigned to process): 12M, peak: 12M
current process commit charge ("private bytes"): 64M, peak: 318M

vm_info: OpenJDK 64-Bit Server VM (17+35) for windows-amd64 JRE (17+35), built on Sep 14 2021 17:27:39 by "" with MS VC++ 16.7 (VS2019)

END.
