#
# There is insufficient memory for the Java Runtime Environment to continue.
# Native memory allocation (mmap) failed to map 134217728 bytes. Error detail: G1 virtual space
# Possible reasons:
#   The system is out of physical RAM or swap space
#   This process is running with CompressedOops enabled, and the Java Heap may be blocking the growth of the native heap
# Possible solutions:
#   Reduce memory load on the system
#   Increase physical memory or swap space
#   Check if swap backing store is full
#   Decrease Java heap size (-Xmx/-Xms)
#   Decrease number of Java threads
#   Decrease Java thread stack sizes (-Xss)
#   Set larger code cache with -XX:ReservedCodeCacheSize=
#   JVM is running with Unscaled Compressed Oops mode in which the Java heap is
#     placed in the first 4GB address space. The Java Heap base address is the
#     maximum limit for the native heap growth. Please use -XX:HeapBaseMinAddress
#     to set the Java Heap base and to place the Java Heap above 4GB virtual address.
# This output file may be truncated or incomplete.
#
#  Out of Memory Error (os_windows.cpp:3631), pid=424, tid=11520
#
# JRE version:  (22.0.1+8) (build )
# Java VM: Java HotSpot(TM) 64-Bit Server VM (22.0.1+8-16, mixed mode, sharing, tiered, compressed oops, compressed class ptrs, g1 gc, windows-amd64)
# No core dump will be written. Minidumps are not enabled by default on client versions of Windows
#

---------------  S U M M A R Y ------------

Command Line: -Dfile.encoding=UTF-8 -Dstdout.encoding=UTF-8 -Dstderr.encoding=UTF-8 -XX:+ShowCodeDetailsInExceptionMessages e1.Main

Host: Intel(R) Core(TM) i5-6200U CPU @ 2.30GHz, 4 cores, 7G,  Windows 10 , 64 bit Build 19041 (10.0.19041.5198)
Time: Tue Feb  4 22:23:03 2025 Mitteleuropäische Zeit elapsed time: 0.050118 seconds (0d 0h 0m 0s)

---------------  T H R E A D  ---------------

Current thread (0x0000024e2c4e7a50):  JavaThread "Unknown thread" [_thread_in_vm, id=11520, stack(0x000000750a700000,0x000000750a800000) (1024K)]

Stack: [0x000000750a700000,0x000000750a800000]
Native frames: (J=compiled Java code, j=interpreted, Vv=VM code, C=native code)
V  [jvm.dll+0x6e2279]  (no source info available)
V  [jvm.dll+0x874e33]  (no source info available)
V  [jvm.dll+0x87725e]  (no source info available)
V  [jvm.dll+0x877933]  (no source info available)
V  [jvm.dll+0x27fd76]  (no source info available)
V  [jvm.dll+0x6de915]  (no source info available)
V  [jvm.dll+0x6d341a]  (no source info available)
V  [jvm.dll+0x3589da]  (no source info available)
V  [jvm.dll+0x360f06]  (no source info available)
V  [jvm.dll+0x3b3e2e]  (no source info available)
V  [jvm.dll+0x3b40d8]  (no source info available)
V  [jvm.dll+0x32c59c]  (no source info available)
V  [jvm.dll+0x32d158]  (no source info available)
V  [jvm.dll+0x83ccdc]  (no source info available)
V  [jvm.dll+0x3c0d71]  (no source info available)
V  [jvm.dll+0x825ccc]  (no source info available)
V  [jvm.dll+0x45b8fe]  (no source info available)
V  [jvm.dll+0x45d781]  (no source info available)
C  [jli.dll+0x52a3]  (no source info available)
C  [ucrtbase.dll+0x21bb2]  (no source info available)
C  [KERNEL32.DLL+0x17374]  (no source info available)
C  [ntdll.dll+0x4cc91]  (no source info available)


---------------  P R O C E S S  ---------------

Threads class SMR info:
_java_thread_list=0x00007ffc60b0b1c8, length=0, elements={
}

Java Threads: ( => current thread )
Total: 0

Other Threads:
  0x0000024e2e66f010 WorkerThread "GC Thread#0"                     [id=3968, stack(0x000000750a800000,0x000000750a900000) (1024K)]
  0x0000024e2e681060 ConcurrentGCThread "G1 Main Marker"            [id=13872, stack(0x000000750a900000,0x000000750aa00000) (1024K)]
  0x0000024e2e681a80 WorkerThread "G1 Conc#0"                       [id=4428, stack(0x000000750aa00000,0x000000750ab00000) (1024K)]

[error occurred during error reporting (printing all threads), id 0xc0000005, EXCEPTION_ACCESS_VIOLATION (0xc0000005) at pc=0x00007ffc6025f367]
VM state: not at safepoint (not fully initialized)

VM Mutex/Monitor currently owned by a thread:  ([mutex/lock_event])
[0x00007ffc60b8bcb8] Heap_lock - owner thread: 0x0000024e2c4e7a50

Heap address: 0x0000000081a00000, size: 2022 MB, Compressed Oops mode: 32-bit

CDS archive(s) mapped at: [0x0000000000000000-0x0000000000000000-0x0000000000000000), size 0, SharedBaseAddress: 0x0000000800000000, ArchiveRelocationMode: 1.
Narrow klass base: 0x0000000000000000, Narrow klass shift: 0, Narrow klass range: 0x0

GC Precious Log:
 CardTable entry size: 512
 Card Set container configuration: InlinePtr #cards 5 size 8 Array Of Cards #cards 12 size 40 Howl #buckets 4 coarsen threshold 1843 Howl Bitmap #cards 512 size 80 coarsen threshold 460 Card regions per heap region 1 cards per card region 2048

Heap:
 garbage-first heap   total reserved 2070528K, committed 0K, used 0K [0x0000000081a00000, 0x0000000100000000)
  region size 1024K, 0 young (0K), 0 survivors (0K)

[error occurred during error reporting (printing heap information), id 0xc0000005, EXCEPTION_ACCESS_VIOLATION (0xc0000005) at pc=0x00007ffc6065e429]
GC Heap History (0 events):
No events

Dll operation events (1 events):
Event: 0.020 Loaded shared library C:\Program Files\Java\jdk-22\bin\java.dll

Deoptimization events (0 events):
No events

Classes loaded (0 events):
No events

Classes unloaded (0 events):
No events

Classes redefined (0 events):
No events

Internal exceptions (0 events):
No events

ZGC Phase Switch (0 events):
No events

VM Operations (0 events):
No events

Events (0 events):
No events


Dynamic libraries:
0x00007ff7acd90000 - 0x00007ff7acda0000 	C:\Program Files\Java\jdk-22\bin\javaw.exe
0x00007ffc9bd90000 - 0x00007ffc9bf88000 	C:\Windows\SYSTEM32\ntdll.dll
0x00007ffc9b060000 - 0x00007ffc9b122000 	C:\Windows\System32\KERNEL32.DLL
0x00007ffc99620000 - 0x00007ffc9991f000 	C:\Windows\System32\KERNELBASE.dll
0x00007ffc99920000 - 0x00007ffc99a20000 	C:\Windows\System32\ucrtbase.dll
0x00007ffc93310000 - 0x00007ffc93327000 	C:\Program Files\Java\jdk-22\bin\jli.dll
0x00007ffc9a160000 - 0x00007ffc9a211000 	C:\Windows\System32\ADVAPI32.dll
0x00007ffc9ace0000 - 0x00007ffc9ad7e000 	C:\Windows\System32\msvcrt.dll
0x00007ffc9b1c0000 - 0x00007ffc9b25f000 	C:\Windows\System32\sechost.dll
0x00007ffc9af30000 - 0x00007ffc9b053000 	C:\Windows\System32\RPCRT4.dll
0x00007ffc995f0000 - 0x00007ffc99617000 	C:\Windows\System32\bcrypt.dll
0x00007ffc9ad90000 - 0x00007ffc9af2d000 	C:\Windows\System32\USER32.dll
0x00007ffc99d70000 - 0x00007ffc99d92000 	C:\Windows\System32\win32u.dll
0x00007ffc9b380000 - 0x00007ffc9b3ab000 	C:\Windows\System32\GDI32.dll
0x00007ffc99a20000 - 0x00007ffc99b37000 	C:\Windows\System32\gdi32full.dll
0x00007ffc99b90000 - 0x00007ffc99c2d000 	C:\Windows\System32\msvcp_win.dll
0x00007ffc95f70000 - 0x00007ffc95f8b000 	C:\Program Files\Java\jdk-22\bin\VCRUNTIME140.dll
0x00007ffc86820000 - 0x00007ffc86aba000 	C:\Windows\WinSxS\amd64_microsoft.windows.common-controls_6595b64144ccf1df_6.0.19041.4355_none_60b8b9eb71f62e16\COMCTL32.dll
0x00007ffc925f0000 - 0x00007ffc925fa000 	C:\Windows\SYSTEM32\VERSION.dll
0x00007ffc9a2d0000 - 0x00007ffc9a2ff000 	C:\Windows\System32\IMM32.DLL
0x00007ffc93f90000 - 0x00007ffc93f9c000 	C:\Program Files\Java\jdk-22\bin\vcruntime140_1.dll
0x00007ffc93030000 - 0x00007ffc930be000 	C:\Program Files\Java\jdk-22\bin\msvcp140.dll
0x00007ffc5ff20000 - 0x00007ffc60c67000 	C:\Program Files\Java\jdk-22\bin\server\jvm.dll
0x00007ffc9aa50000 - 0x00007ffc9aabb000 	C:\Windows\System32\WS2_32.dll
0x00007ffc99280000 - 0x00007ffc992cb000 	C:\Windows\SYSTEM32\POWRPROF.dll
0x00007ffc71490000 - 0x00007ffc714b7000 	C:\Windows\SYSTEM32\WINMM.dll
0x00007ffc991b0000 - 0x00007ffc991c2000 	C:\Windows\SYSTEM32\UMPDC.dll
0x00007ffc97c40000 - 0x00007ffc97c52000 	C:\Windows\SYSTEM32\kernel.appcore.dll
0x00007ffc933e0000 - 0x00007ffc933ea000 	C:\Program Files\Java\jdk-22\bin\jimage.dll
0x00007ffc77a50000 - 0x00007ffc77c34000 	C:\Windows\SYSTEM32\DBGHELP.DLL
0x00007ffc77a10000 - 0x00007ffc77a44000 	C:\Windows\SYSTEM32\dbgcore.DLL
0x00007ffc99c30000 - 0x00007ffc99cb2000 	C:\Windows\System32\bcryptPrimitives.dll
0x00007ffc93010000 - 0x00007ffc9302e000 	C:\Program Files\Java\jdk-22\bin\java.dll
0x00007ffc9b3b0000 - 0x00007ffc9bb1e000 	C:\Windows\System32\SHELL32.dll
0x00007ffc9abb0000 - 0x00007ffc9acdb000 	C:\Windows\System32\ole32.dll
0x00007ffc99e00000 - 0x00007ffc9a155000 	C:\Windows\System32\combase.dll

dbghelp: loaded successfully - version: 4.0.5 - missing functions: none
symbol engine: initialized successfully - sym options: 0x614 - pdb path: .;C:\Program Files\Java\jdk-22\bin;C:\Windows\SYSTEM32;C:\Windows\WinSxS\amd64_microsoft.windows.common-controls_6595b64144ccf1df_6.0.19041.4355_none_60b8b9eb71f62e16;C:\Program Files\Java\jdk-22\bin\server

VM Arguments:
jvm_args: -Dfile.encoding=UTF-8 -Dstdout.encoding=UTF-8 -Dstderr.encoding=UTF-8 -XX:+ShowCodeDetailsInExceptionMessages 
java_command: e1.Main
java_class_path (initial): C:\Users\Andreas\eclipse-workspace\StruktGame5\bin;C:\Users\Andreas\acm.jar
Launcher Type: SUN_STANDARD

[Global flags]
     intx CICompilerCount                          = 3                                         {product} {ergonomic}
     uint ConcGCThreads                            = 1                                         {product} {ergonomic}
     uint G1ConcRefinementThreads                  = 4                                         {product} {ergonomic}
   size_t G1HeapRegionSize                         = 1048576                                   {product} {ergonomic}
   size_t InitialHeapSize                          = 134217728                                 {product} {ergonomic}
   size_t MarkStackSize                            = 4194304                                   {product} {ergonomic}
   size_t MaxHeapSize                              = 2120220672                                {product} {ergonomic}
   size_t MinHeapDeltaBytes                        = 1048576                                   {product} {ergonomic}
   size_t MinHeapSize                              = 8388608                                   {product} {ergonomic}
    uintx NonNMethodCodeHeapSize                   = 5832780                                {pd product} {ergonomic}
    uintx NonProfiledCodeHeapSize                  = 122912730                              {pd product} {ergonomic}
    uintx ProfiledCodeHeapSize                     = 122912730                              {pd product} {ergonomic}
    uintx ReservedCodeCacheSize                    = 251658240                              {pd product} {ergonomic}
     bool SegmentedCodeCache                       = true                                      {product} {ergonomic}
     bool ShowCodeDetailsInExceptionMessages       = true                                   {manageable} {command line}
   size_t SoftMaxHeapSize                          = 2120220672                             {manageable} {ergonomic}
     bool UseCompressedOops                        = true                           {product lp64_product} {ergonomic}
     bool UseG1GC                                  = true                                      {product} {ergonomic}
     bool UseLargePagesIndividualAllocation        = false                                  {pd product} {ergonomic}

Logging:
Log output configuration:
 #0: stdout all=warning uptime,level,tags foldmultilines=false
 #1: stderr all=off uptime,level,tags foldmultilines=false

Environment Variables:
PATH=C:\Program Files\Common Files\Oracle\Java\javapath;C:\Windows\system32;C:\Windows;C:\Windows\System32\Wbem;C:\Windows\System32\WindowsPowerShell\v1.0\;C:\Windows\System32\OpenSSH\;C:\Users\Andreas\AppData\Local\Microsoft\WindowsApps;
USERNAME=Andreas
OS=Windows_NT
PROCESSOR_IDENTIFIER=Intel64 Family 6 Model 78 Stepping 3, GenuineIntel
TMP=C:\Users\Andreas\AppData\Local\Temp
TEMP=C:\Users\Andreas\AppData\Local\Temp




Periodic native trim disabled

---------------  S Y S T E M  ---------------

OS:
 Windows 10 , 64 bit Build 19041 (10.0.19041.5198)
OS uptime: 3 days 5:18 hours

CPU: total 4 (initial active 4) (2 cores per cpu, 2 threads per core) family 6 model 78 stepping 3 microcode 0xe2, cx8, cmov, fxsr, ht, mmx, 3dnowpref, sse, sse2, sse3, ssse3, sse4.1, sse4.2, popcnt, lzcnt, tsc, tscinvbit, avx, avx2, aes, erms, clmul, bmi1, bmi2, adx, fma, vzeroupper, clflush, clflushopt, rdtscp, f16c
Processor Information for all 4 processors :
  Max Mhz: 2401, Current Mhz: 2400, Mhz Limit: 2376

Memory: 4k page, system-wide physical 8082M (224M free)
TotalPageFile size 32658M (AvailPageFile size 125M)
current process WorkingSet (physical memory assigned to process): 11M, peak: 11M
current process commit charge ("private bytes"): 52M, peak: 180M

vm_info: Java HotSpot(TM) 64-Bit Server VM (22.0.1+8-16) for windows-amd64 JRE (22.0.1+8-16), built on 2024-03-12T10:33:16Z by "mach5one" with MS VC++ 17.6 (VS2022)

END.
